<?xml version="1.0" encoding="UTF-8"?>
<!-- Generated by org.testng.reporters.JUnitReportReporter -->
<testsuite hostname="DESKTOP-FDVQC09" name="com.crm.qa.testcase.HomePageTest" tests="5" failures="0" timestamp="4 Sep 2019 14:29:27 GMT" time="123.336" errors="0">
  <testcase name="clickOnTaskTest" time="24.878" classname="com.crm.qa.testcase.HomePageTest"/>
  <testcase name="verifyUserName" time="21.164" classname="com.crm.qa.testcase.HomePageTest"/>
  <testcase name="verifyHomepageTitleTest" time="26.240" classname="com.crm.qa.testcase.HomePageTest"/>
  <testcase name="clickOnContactTest" time="25.206" classname="com.crm.qa.testcase.HomePageTest"/>
  <testcase name="clickOnDealsTest" time="25.848" classname="com.crm.qa.testcase.HomePageTest"/>
</testsuite> <!-- com.crm.qa.testcase.HomePageTest -->
