<?xml version="1.0" encoding="UTF-8"?>
<!-- Generated by org.testng.reporters.JUnitReportReporter -->
<testsuite hostname="DESKTOP-FDVQC09" name="com.crm.qa.testcase.ContactPageTest" tests="5" failures="0" timestamp="4 Sep 2019 14:29:27 GMT" time="239.034" errors="0">
  <testcase name="validateCreateNewContact" time="48.148" classname="com.crm.qa.testcase.ContactPageTest"/>
  <testcase name="verifyContactPageTest" time="28.121" classname="com.crm.qa.testcase.ContactPageTest"/>
  <testcase name="validateCreateNewContact" time="48.376" classname="com.crm.qa.testcase.ContactPageTest"/>
  <testcase name="validateCreateNewContact" time="81.283" classname="com.crm.qa.testcase.ContactPageTest"/>
  <testcase name="selectContactCheckboxTest" time="33.106" classname="com.crm.qa.testcase.ContactPageTest"/>
</testsuite> <!-- com.crm.qa.testcase.ContactPageTest -->
