<?xml version="1.0" encoding="UTF-8"?>
<!-- Generated by org.testng.reporters.JUnitReportReporter -->
<testsuite hostname="DESKTOP-FDVQC09" name="com.crm.qa.testcase.HomePageTest" tests="5" failures="0" timestamp="25 Aug 2019 15:28:27 GMT" time="137.584" errors="0">
  <testcase name="clickOnTaskTest" time="26.241" classname="com.crm.qa.testcase.HomePageTest"/>
  <testcase name="verifyHomepageTitleTest" time="23.427" classname="com.crm.qa.testcase.HomePageTest"/>
  <testcase name="clickOnDealsTest" time="27.015" classname="com.crm.qa.testcase.HomePageTest"/>
  <testcase name="verifyUserName" time="30.806" classname="com.crm.qa.testcase.HomePageTest"/>
  <testcase name="clickOnContactTest" time="30.095" classname="com.crm.qa.testcase.HomePageTest"/>
</testsuite> <!-- com.crm.qa.testcase.HomePageTest -->
