<?xml version="1.0" encoding="UTF-8"?>
<!-- Generated by org.testng.reporters.JUnitReportReporter -->
<testsuite hostname="DESKTOP-FDVQC09" name="com.crm.qa.testcase.LoginPageTest" tests="3" failures="0" timestamp="25 Aug 2019 15:28:27 GMT" time="58.515" errors="0">
  <testcase name="crmLogoImageTest" time="15.970" classname="com.crm.qa.testcase.LoginPageTest"/>
  <testcase name="loginPageTitleTest" time="15.582" classname="com.crm.qa.testcase.LoginPageTest"/>
  <testcase name="loginTest" time="26.963" classname="com.crm.qa.testcase.LoginPageTest"/>
</testsuite> <!-- com.crm.qa.testcase.LoginPageTest -->
