<?xml version="1.0" encoding="UTF-8"?>
<!-- Generated by org.testng.reporters.JUnitReportReporter -->
<testsuite hostname="DESKTOP-FDVQC09" name="com.crm.qa.testcase.TasksPageTest" tests="1" failures="0" timestamp="25 Aug 2019 15:28:27 GMT" time="29.410" errors="0">
  <testcase name="verifyTaskLabelTest" time="29.410" classname="com.crm.qa.testcase.TasksPageTest"/>
</testsuite> <!-- com.crm.qa.testcase.TasksPageTest -->
