<?xml version="1.0" encoding="UTF-8"?>
<!-- Generated by org.testng.reporters.JUnitReportReporter -->
<testsuite hostname="DESKTOP-FDVQC09" name="com.crm.qa.testcase.TasksPageTest" tests="1" failures="0" timestamp="4 Sep 2019 14:29:27 GMT" time="26.473" errors="0">
  <testcase name="verifyTaskLabelTest" time="26.473" classname="com.crm.qa.testcase.TasksPageTest"/>
</testsuite> <!-- com.crm.qa.testcase.TasksPageTest -->
