<?xml version="1.0" encoding="UTF-8"?>
<!-- Generated by org.testng.reporters.JUnitReportReporter -->
<testsuite hostname="DESKTOP-FDVQC09" name="com.crm.qa.testcase.DealsPageTest" tests="1" failures="0" timestamp="12 Oct 2019 13:15:12 GMT" time="38.291" errors="0">
  <testcase name="validateCreatedNewDeals" time="38.291" classname="com.crm.qa.testcase.DealsPageTest"/>
</testsuite> <!-- com.crm.qa.testcase.DealsPageTest -->
