<?xml version="1.0" encoding="UTF-8"?>
<!-- Generated by org.testng.reporters.JUnitReportReporter -->
<testsuite hostname="DESKTOP-FDVQC09" name="com.crm.qa.testcase.CalendarPageTest" tests="1" failures="0" timestamp="25 Aug 2019 15:28:27 GMT" time="27.953" errors="0">
  <testcase name="verifyCalendarPageTest" time="27.953" classname="com.crm.qa.testcase.CalendarPageTest"/>
</testsuite> <!-- com.crm.qa.testcase.CalendarPageTest -->
