<?xml version="1.0" encoding="UTF-8"?>
<!-- Generated by org.testng.reporters.JUnitReportReporter -->
<testsuite hostname="DESKTOP-FDVQC09" name="com.crm.qa.testcase.CasePageTest" tests="1" failures="0" timestamp="4 Sep 2019 14:29:27 GMT" time="21.009" errors="0">
  <testcase name="verifyCasePageTest" time="21.009" classname="com.crm.qa.testcase.CasePageTest"/>
</testsuite> <!-- com.crm.qa.testcase.CasePageTest -->
