<?xml version="1.0" encoding="UTF-8"?>
<!-- Generated by org.testng.reporters.JUnitReportReporter -->
<testsuite hostname="DESKTOP-FDVQC09" name="com.crm.qa.testcase.NewContactTest" tests="1" failures="0" timestamp="9 Aug 2019 17:13:59 GMT" time="60.560" errors="0">
  <testcase name="newContactTest" time="60.560" classname="com.crm.qa.testcase.NewContactTest"/>
</testsuite> <!-- com.crm.qa.testcase.NewContactTest -->
