<?xml version="1.0" encoding="UTF-8"?>
<!-- Generated by org.testng.reporters.JUnitReportReporter -->
<testsuite hostname="DESKTOP-FDVQC09" name="com.crm.qa.testcase.CalendarPageTest" tests="1" failures="0" timestamp="4 Sep 2019 14:29:27 GMT" time="28.478" errors="0">
  <testcase name="verifyCalendarPageTest" time="28.478" classname="com.crm.qa.testcase.CalendarPageTest"/>
</testsuite> <!-- com.crm.qa.testcase.CalendarPageTest -->
