<?xml version="1.0" encoding="UTF-8"?>
<!-- Generated by org.testng.reporters.JUnitReportReporter -->
<testsuite hostname="DESKTOP-FDVQC09" name="com.crm.qa.testcase.DealsPageTest" tests="1" failures="0" timestamp="8 Sep 2019 15:33:19 GMT" time="47.405" errors="0">
  <testcase name="validateCreateNewDeals" time="47.405" classname="com.crm.qa.testcase.DealsPageTest"/>
</testsuite> <!-- com.crm.qa.testcase.DealsPageTest -->
