<?xml version="1.0" encoding="UTF-8"?>
<!-- Generated by org.testng.reporters.JUnitReportReporter -->
<testsuite hostname="DESKTOP-FDVQC09" name="com.crm.qa.testcase.CasePageTest" tests="1" failures="0" timestamp="25 Aug 2019 15:28:27 GMT" time="28.266" errors="0">
  <testcase name="verifyCasePageTest" time="28.266" classname="com.crm.qa.testcase.CasePageTest"/>
</testsuite> <!-- com.crm.qa.testcase.CasePageTest -->
